<?xml version="1.0" encoding="UTF-8"?>
<testsuites name="Mocha Tests" time="3.5640" tests="927" failures="0">
  <testsuite name="Root Suite" timestamp="2020-03-31T18:26:42" tests="0" time="0.0000" failures="0">
  </testsuite>
  <testsuite name="AwsExplorer" timestamp="2020-03-31T18:26:42" tests="2" file="/codebuild/output/src956146630/src/dist/src/test/awsExplorer/awsExplorer.test.js" time="0.0030" failures="0">
    <testcase name="AwsExplorer displays region nodes with user-friendly region names" time="0.0020" classname="displays region nodes with user-friendly region names">
    </testcase>
    <testcase name="AwsExplorer refreshes when the Region Provider is updated" time="0.0010" classname="refreshes when the Region Provider is updated">
    </testcase>
  </testsuite>
  <testsuite name="RegionNode" timestamp="2020-03-31T18:26:42" tests="3" file="/codebuild/output/src956146630/src/dist/src/test/awsExplorer/regionNode.test.js" time="0.0000" failures="0">
    <testcase name="RegionNode initializes name and tooltip" time="0.0000" classname="initializes name and tooltip">
    </testcase>
    <testcase name="RegionNode contains children" time="0.0000" classname="contains children">
    </testcase>
    <testcase name="RegionNode does not have child nodes for services not available in a region" time="0.0000" classname="does not have child nodes for services not available in a region">
    </testcase>
  </testsuite>
  <testsuite name="detectCdkProjects" timestamp="2020-03-31T18:26:42" tests="5" file="/codebuild/output/src956146630/src/dist/src/test/cdk/detectCdkProjects.test.js" time="0.0040" failures="0">
    <testcase name="detectCdkProjects detects no projects when workspaceFolders is undefined" time="0.0010" classname="detects no projects when workspaceFolders is undefined">
    </testcase>
    <testcase name="detectCdkProjects detects no projects when workspaceFolders is empty" time="0.0000" classname="detects no projects when workspaceFolders is empty">
    </testcase>
    <testcase name="detectCdkProjects detects no projects when cdk.json does not exist" time="0.0010" classname="detects no projects when cdk.json does not exist">
    </testcase>
    <testcase name="detectCdkProjects detects CDK project when cdk.json exists" time="0.0010" classname="detects CDK project when cdk.json exists">
    </testcase>
    <testcase name="detectCdkProjects detects CDK projects in multi-folder workspace" time="0.0010" classname="detects CDK projects in multi-folder workspace">
    </testcase>
  </testsuite>
  <testsuite name="AppNode" timestamp="2020-03-31T18:26:42" tests="5" file="/codebuild/output/src956146630/src/dist/src/test/cdk/explorer/appNode.test.js" time="0.0040" failures="0">
    <testcase name="AppNode initializes label and tooltip" time="0.0010" classname="initializes label and tooltip">
    </testcase>
    <testcase name="AppNode initializes icon paths" time="0.0000" classname="initializes icon paths">
    </testcase>
    <testcase name="AppNode returns placeholder node when app contains no stacks" time="0.0010" classname="returns placeholder node when app contains no stacks">
    </testcase>
    <testcase name="AppNode returns construct node when app has stacks" time="0.0010" classname="returns construct node when app has stacks">
    </testcase>
    <testcase name="AppNode returns placeholder node when tree.json cannot be loaded" time="0.0010" classname="returns placeholder node when tree.json cannot be loaded">
    </testcase>
  </testsuite>
  <testsuite name="AwsCdkExplorer" timestamp="2020-03-31T18:26:42" tests="2" file="/codebuild/output/src956146630/src/dist/src/test/cdk/explorer/awsCdkExplorer.test.js" time="0.0010" failures="0">
    <testcase name="AwsCdkExplorer Displays Error node indicating that no CDK projects were found in empty workspace" time="0.0000" classname="Displays Error node indicating that no CDK projects were found in empty workspace">
    </testcase>
    <testcase name="AwsCdkExplorer Displays a project node when workspaces are detected" time="0.0010" classname="Displays a project node when workspaces are detected">
    </testcase>
  </testsuite>
  <testsuite name="ConstructNode" timestamp="2020-03-31T18:26:42" tests="10" file="/codebuild/output/src956146630/src/dist/src/test/cdk/explorer/constructNode.test.js" time="0.0030" failures="0">
    <testcase name="ConstructNode initializes label and tooltip" time="0.0000" classname="initializes label and tooltip">
    </testcase>
    <testcase name="ConstructNode returns id that includes parent&apos;s id and it&apos;s own label" time="0.0000" classname="returns id that includes parent&apos;s id and it&apos;s own label">
    </testcase>
    <testcase name="ConstructNode initializes icon paths for CloudFormation resources" time="0.0000" classname="initializes icon paths for CloudFormation resources">
    </testcase>
    <testcase name="ConstructNode initializes icon paths for CDK constructs" time="0.0000" classname="initializes icon paths for CDK constructs">
    </testcase>
    <testcase name="ConstructNode returns no child nodes if construct does not have any" time="0.0000" classname="returns no child nodes if construct does not have any">
    </testcase>
    <testcase name="ConstructNode child node has no collapsible state if it has no children or attributes" time="0.0000" classname="child node has no collapsible state if it has no children or attributes">
    </testcase>
    <testcase name="ConstructNode child node is collapsed if construct has child with attributes" time="0.0010" classname="child node is collapsed if construct has child with attributes">
    </testcase>
    <testcase name="ConstructNode returns child node of PropertyNode when construct has props" time="0.0010" classname="returns child node of PropertyNode when construct has props">
    </testcase>
    <testcase name="ConstructNode returns child nodes of PropertyNode and ConstructNode when construct has props and children" time="0.0010" classname="returns child nodes of PropertyNode and ConstructNode when construct has props and children">
    </testcase>
    <testcase name="ConstructNode returns child node if a construct has grandchildren" time="0.0000" classname="returns child node if a construct has grandchildren">
    </testcase>
  </testsuite>
  <testsuite name="CdkErrorNode" timestamp="2020-03-31T18:26:42" tests="2" file="/codebuild/output/src956146630/src/dist/src/test/cdk/explorer/errorNode.test.js" time="0.0000" failures="0">
    <testcase name="CdkErrorNode initializes label and tooltip" time="0.0000" classname="initializes label and tooltip">
    </testcase>
    <testcase name="CdkErrorNode has no children" time="0.0000" classname="has no children">
    </testcase>
  </testsuite>
  <testsuite name="PropertyNode" timestamp="2020-03-31T18:26:42" tests="8" file="/codebuild/output/src956146630/src/dist/src/test/cdk/explorer/propertyNode.test.js" time="0.0010" failures="0">
    <testcase name="PropertyNode initializes label" time="0.0000" classname="initializes label">
    </testcase>
    <testcase name="PropertyNode initializes icon paths for properties" time="0.0000" classname="initializes icon paths for properties">
    </testcase>
    <testcase name="PropertyNode returns no children when property does not have nested values" time="0.0000" classname="returns no children when property does not have nested values">
    </testcase>
    <testcase name="PropertyNode returns single child when property has a string value" time="0.0000" classname="returns single child when property has a string value">
    </testcase>
    <testcase name="PropertyNode returns single child when property has a boolean value" time="0.0000" classname="returns single child when property has a boolean value">
    </testcase>
    <testcase name="PropertyNode returns single child when property has an int value" time="0.0000" classname="returns single child when property has an int value">
    </testcase>
    <testcase name="PropertyNode returns a nested property node with a property node for each value in the array" time="0.0010" classname="returns a nested property node with a property node for each value in the array">
    </testcase>
    <testcase name="PropertyNode returns a nested property node with nested object as child property nodes" time="0.0000" classname="returns a nested property node with nested object as child property nodes">
    </testcase>
  </testsuite>
  <testsuite name="TreeInspector" timestamp="2020-03-31T18:26:42" tests="10" file="/codebuild/output/src956146630/src/dist/src/test/cdk/tree/treeInspector.test.js" time="0.0020" failures="0">
    <testcase name="TreeInspector returns label when construct is not named Resource" time="0.0010" classname="returns label when construct is not named Resource">
    </testcase>
    <testcase name="TreeInspector includes type when construct is named Resource and type exists" time="0.0000" classname="includes type when construct is named Resource and type exists">
    </testcase>
    <testcase name="TreeInspector returns unchanged label when construct is named Resource and no type information exists" time="0.0000" classname="returns unchanged label when construct is named Resource and no type information exists">
    </testcase>
    <testcase name="TreeInspector returns default if no type information exists" time="0.0000" classname="returns default if no type information exists">
    </testcase>
    <testcase name="TreeInspector returns type when type information exists" time="0.0000" classname="returns type when type information exists">
    </testcase>
    <testcase name="TreeInspector includes construct in tree" time="0.0000" classname="includes construct in tree">
    </testcase>
    <testcase name="TreeInspector excludes the `Tree` construct that the CDK adds by default" time="0.0000" classname="excludes the `Tree` construct that the CDK adds by default">
    </testcase>
    <testcase name="TreeInspector returns properties when a construct has attributes" time="0.0010" classname="returns properties when a construct has attributes">
    </testcase>
    <testcase name="TreeInspector returns undefined when construct does not have attributes" time="0.0000" classname="returns undefined when construct does not have attributes">
    </testcase>
    <testcase name="TreeInspector returns undefined when construct does not have CloudFormation properties" time="0.0000" classname="returns undefined when construct does not have CloudFormation properties">
    </testcase>
  </testsuite>
  <testsuite name="updateCredentialsStatusBarItem" timestamp="2020-03-31T18:26:42" tests="2" file="/codebuild/output/src956146630/src/dist/src/test/credentials/awsCredentialsStatusBarItem.test.js" time="0.0000" failures="0">
    <testcase name="updateCredentialsStatusBarItem updates text with credentials id" time="0.0000" classname="updates text with credentials id">
    </testcase>
    <testcase name="updateCredentialsStatusBarItem updates text with placeholder when there is no credentials id" time="0.0000" classname="updates text with placeholder when there is no credentials id">
    </testcase>
  </testsuite>
  <testsuite name="BaseCredentialsProviderFactory" timestamp="2020-03-31T18:26:42" tests="6" file="/codebuild/output/src956146630/src/dist/src/test/credentials/provider/credentialsProviderFactory.test.js" time="0.0000" failures="0">
    <testcase name="BaseCredentialsProviderFactory can add a provider" time="0.0000" classname="can add a provider">
    </testcase>
    <testcase name="BaseCredentialsProviderFactory can remove a provider" time="0.0000" classname="can remove a provider">
    </testcase>
    <testcase name="BaseCredentialsProviderFactory can reset providers" time="0.0000" classname="can reset providers">
    </testcase>
    <testcase name="BaseCredentialsProviderFactory can list providers" time="0.0000" classname="can list providers">
    </testcase>
    <testcase name="BaseCredentialsProviderFactory returns a requested provider" time="0.0000" classname="returns a requested provider">
    </testcase>
    <testcase name="BaseCredentialsProviderFactory returns undefined when requesting a provider it does not have" time="0.0000" classname="returns undefined when requesting a provider it does not have">
    </testcase>
  </testsuite>
  <testsuite name="CredentialsProviderId" timestamp="2020-03-31T18:26:42" tests="0" file="/codebuild/output/src956146630/src/dist/src/test/credentials/provider/credentialsProviderId.test.js" time="0.0000" failures="0">
  </testsuite>
  <testsuite name="fromString" timestamp="2020-03-31T18:26:42" tests="4" file="/codebuild/output/src956146630/src/dist/src/test/credentials/provider/credentialsProviderId.test.js" time="0.0000" failures="0">
    <testcase name="CredentialsProviderId fromString produces CredentialsProviderId from a string" time="0.0000" classname="produces CredentialsProviderId from a string">
    </testcase>
    <testcase name="CredentialsProviderId fromString supports cases where the separator is in the credentialTypeId" time="0.0000" classname="supports cases where the separator is in the credentialTypeId">
    </testcase>
    <testcase name="CredentialsProviderId fromString errs on unexpected format - not enough separators" time="0.0000" classname="errs on unexpected format - not enough separators">
    </testcase>
    <testcase name="CredentialsProviderId fromString errs on unexpected format - different separator" time="0.0000" classname="errs on unexpected format - different separator">
    </testcase>
  </testsuite>
  <testsuite name="asString" timestamp="2020-03-31T18:26:42" tests="1" file="/codebuild/output/src956146630/src/dist/src/test/credentials/provider/credentialsProviderId.test.js" time="0.0000" failures="0">
    <testcase name="CredentialsProviderId asString converts a CredentialsProviderId to a string" time="0.0000" classname="converts a CredentialsProviderId to a string">
    </testcase>
  </testsuite>
  <testsuite name="isEqual" timestamp="2020-03-31T18:26:42" tests="3" file="/codebuild/output/src956146630/src/dist/src/test/credentials/provider/credentialsProviderId.test.js" time="0.0010" failures="0">
    <testcase name="CredentialsProviderId isEqual detects matches" time="0.0000" classname="detects matches">
    </testcase>
    <testcase name="CredentialsProviderId isEqual detects non-matches in credentialType" time="0.0000" classname="detects non-matches in credentialType">
    </testcase>
    <testcase name="CredentialsProviderId isEqual detects non-matches in credentialTypeId" time="0.0010" classname="detects non-matches in credentialTypeId">
    </testcase>
  </testsuite>
  <testsuite name="CredentialsProviderManager" timestamp="2020-03-31T18:26:42" tests="1" file="/codebuild/output/src956146630/src/dist/src/test/credentials/provider/credentialsProviderManager.test.js" time="0.0000" failures="0">
    <testcase name="CredentialsProviderManager getCredentialProviderNames()" time="0.0000" classname="getCredentialProviderNames()">
    </testcase>
  </testsuite>
  <testsuite name="getAllCredentialsProviders" timestamp="2020-03-31T18:26:42" tests="1" file="/codebuild/output/src956146630/src/dist/src/test/credentials/provider/credentialsProviderManager.test.js" time="0.0000" failures="0">
    <testcase name="CredentialsProviderManager getAllCredentialsProviders returns all providers" time="0.0000" classname="returns all providers">
    </testcase>
  </testsuite>
  <testsuite name="getCredentialsProvider" timestamp="2020-03-31T18:26:42" tests="3" file="/codebuild/output/src956146630/src/dist/src/test/credentials/provider/credentialsProviderManager.test.js" time="0.0010" failures="0">
    <testcase name="CredentialsProviderManager getCredentialsProvider returns a provider" time="0.0010" classname="returns a provider">
    </testcase>
    <testcase name="CredentialsProviderManager getCredentialsProvider returns undefined when there is a factory but the factory does not contain a provider" time="0.0000" classname="returns undefined when there is a factory but the factory does not contain a provider">
    </testcase>
    <testcase name="CredentialsProviderManager getCredentialsProvider returns undefined when there is not a factory for the given credentialsType" time="0.0000" classname="returns undefined when there is not a factory for the given credentialsType">
    </testcase>
  </testsuite>
  <testsuite name="SharedCredentialsProvider" timestamp="2020-03-31T18:26:42" tests="16" file="/codebuild/output/src956146630/src/dist/src/test/credentials/provider/sharedCredentialsProvider.test.js" time="0.0030" failures="0">
    <testcase name="SharedCredentialsProvider constructor fails if profile does not exist" time="0.0000" classname="constructor fails if profile does not exist">
    </testcase>
    <testcase name="SharedCredentialsProvider produces a CredentialsProviderId" time="0.0000" classname="produces a CredentialsProviderId">
    </testcase>
    <testcase name="SharedCredentialsProvider gets profile properties" time="0.0010" classname="gets profile properties">
    </testcase>
    <testcase name="SharedCredentialsProvider profile properties may be undefined" time="0.0000" classname="profile properties may be undefined">
    </testcase>
    <testcase name="SharedCredentialsProvider validation identifies a source_profile reference that does not exist" time="0.0000" classname="validation identifies a source_profile reference that does not exist">
    </testcase>
    <testcase name="SharedCredentialsProvider validation identifies a source_profile reference cycle" time="0.0000" classname="validation identifies a source_profile reference cycle">
    </testcase>
    <testcase name="SharedCredentialsProvider validation identifies when access key id is missing a corresponding secret key" time="0.0000" classname="validation identifies when access key id is missing a corresponding secret key">
    </testcase>
    <testcase name="SharedCredentialsProvider validation identifies when session_token is missing a corresponding access key id" time="0.0000" classname="validation identifies when session_token is missing a corresponding access key id">
    </testcase>
    <testcase name="SharedCredentialsProvider validation identifies when session_token is missing a corresponding secret key" time="0.0000" classname="validation identifies when session_token is missing a corresponding secret key">
    </testcase>
    <testcase name="SharedCredentialsProvider validation identifies when the profile contains no supported properties" time="0.0000" classname="validation identifies when the profile contains no supported properties">
    </testcase>
    <testcase name="SharedCredentialsProvider validates a valid profile with an access key" time="0.0000" classname="validates a valid profile with an access key">
    </testcase>
    <testcase name="SharedCredentialsProvider validates a valid profile with a session token" time="0.0000" classname="validates a valid profile with a session token">
    </testcase>
    <testcase name="SharedCredentialsProvider validates a valid profile with credential_process" time="0.0000" classname="validates a valid profile with credential_process">
    </testcase>
    <testcase name="SharedCredentialsProvider validates a valid profile with role_arn" time="0.0000" classname="validates a valid profile with role_arn">
    </testcase>
    <testcase name="SharedCredentialsProvider validates a valid profile with role_arn and source_profile" time="0.0010" classname="validates a valid profile with role_arn and source_profile">
    </testcase>
    <testcase name="SharedCredentialsProvider getCredentials throws when the profile is not valid" time="0.0010" classname="getCredentials throws when the profile is not valid">
    </testcase>
  </testsuite>
  <testsuite name="SharedCredentialsProviderFactory" timestamp="2020-03-31T18:26:42" tests="4" file="/codebuild/output/src956146630/src/dist/src/test/credentials/provider/sharedCredentialsProviderFactory.test.js" time="0.0030" failures="0">
    <testcase name="SharedCredentialsProviderFactory produces credential providers from shared credentials profiles" time="0.0020" classname="produces credential providers from shared credentials profiles">
    </testcase>
    <testcase name="SharedCredentialsProviderFactory does not load providers for invalid profiles" time="0.0010" classname="does not load providers for invalid profiles">
    </testcase>
    <testcase name="SharedCredentialsProviderFactory refresh does not reload from file if the file has not changed" time="0.0000" classname="refresh does not reload from file if the file has not changed">
    </testcase>
    <testcase name="SharedCredentialsProviderFactory refresh reloads from file if the file has changed" time="0.0000" classname="refresh reloads from file if the file has changed">
    </testcase>
  </testsuite>
  <testsuite name="sharedCredentials" timestamp="2020-03-31T18:26:42" tests="0" file="/codebuild/output/src956146630/src/dist/src/test/credentials/sharedCredentials.test.js" time="0.0000" failures="0">
  </testsuite>
  <testsuite name="getCredentialsFilename" timestamp="2020-03-31T18:26:42" tests="2" file="/codebuild/output/src956146630/src/dist/src/test/credentials/sharedCredentials.test.js" time="0.0000" failures="0">
    <testcase name="sharedCredentials getCredentialsFilename uses the default credentials path if AWS_SHARED_CREDENTIALS_FILE is not set" time="0.0000" classname="uses the default credentials path if AWS_SHARED_CREDENTIALS_FILE is not set">
    </testcase>
    <testcase name="sharedCredentials getCredentialsFilename gets AWS_SHARED_CREDENTIALS_FILE if set" time="0.0000" classname="gets AWS_SHARED_CREDENTIALS_FILE if set">
    </testcase>
  </testsuite>
  <testsuite name="getConfigFilename" timestamp="2020-03-31T18:26:42" tests="2" file="/codebuild/output/src956146630/src/dist/src/test/credentials/sharedCredentials.test.js" time="0.0010" failures="0">
    <testcase name="sharedCredentials getConfigFilename uses the default config path if AWS_CONFIG_FILE is not set" time="0.0010" classname="uses the default config path if AWS_CONFIG_FILE is not set">
    </testcase>
    <testcase name="sharedCredentials getConfigFilename gets AWS_CONFIG_FILE if set" time="0.0000" classname="gets AWS_CONFIG_FILE if set">
    </testcase>
  </testsuite>
  <testsuite name="CodeDownloader" timestamp="2020-03-31T18:26:42" tests="0" file="/codebuild/output/src956146630/src/dist/src/test/eventSchemas/commands/downloadSchemaItemCode.test.js" time="0.0000" failures="0">
  </testsuite>
  <testsuite name="codeDownloader" timestamp="2020-03-31T18:26:42" tests="2" file="/codebuild/output/src956146630/src/dist/src/test/eventSchemas/commands/downloadSchemaItemCode.test.js" time="0.0010" failures="0">
    <testcase name="CodeDownloader codeDownloader should return an error if the response body is not Buffer" time="0.0010" classname="should return an error if the response body is not Buffer">
    </testcase>
    <testcase name="CodeDownloader codeDownloader should return arrayBuffer for valid Body type" time="0.0000" classname="should return arrayBuffer for valid Body type">
    </testcase>
  </testsuite>
  <testsuite name="CodeGenerator" timestamp="2020-03-31T18:26:42" tests="0" file="/codebuild/output/src956146630/src/dist/src/test/eventSchemas/commands/downloadSchemaItemCode.test.js" time="0.0000" failures="0">
  </testsuite>
  <testsuite name="codeGenerator" timestamp="2020-03-31T18:26:42" tests="2" file="/codebuild/output/src956146630/src/dist/src/test/eventSchemas/commands/downloadSchemaItemCode.test.js" time="0.0140" failures="0">
    <testcase name="CodeGenerator codeGenerator should return the current status of code generation" time="0.0010" classname="should return the current status of code generation">
    </testcase>
    <testcase name="CodeGenerator codeGenerator should return valid code generation status if it gets ConflictException" time="0.0130" classname="should return valid code generation status if it gets ConflictException">
    </testcase>
  </testsuite>
  <testsuite name="CodeGeneratorStatusPoller" timestamp="2020-03-31T18:26:42" tests="0" file="/codebuild/output/src956146630/src/dist/src/test/eventSchemas/commands/downloadSchemaItemCode.test.js" time="0.0000" failures="0">
  </testsuite>
  <testsuite name="getCurrentStatus" timestamp="2020-03-31T18:26:42" tests="1" file="/codebuild/output/src956146630/src/dist/src/test/eventSchemas/commands/downloadSchemaItemCode.test.js" time="0.0010" failures="0">
    <testcase name="CodeGeneratorStatusPoller getCurrentStatus should return the current status of code generation" time="0.0010" classname="should return the current status of code generation">
    </testcase>
  </testsuite>
  <testsuite name="codeGeneratorStatusPoller" timestamp="2020-03-31T18:26:42" tests="4" file="/codebuild/output/src956146630/src/dist/src/test/eventSchemas/commands/downloadSchemaItemCode.test.js" time="0.8140" failures="0">
    <testcase name="CodeGeneratorStatusPoller codeGeneratorStatusPoller fails if code generation status is invalid without retry" time="0.0010" classname="fails if code generation status is invalid without retry">
    </testcase>
    <testcase name="CodeGeneratorStatusPoller codeGeneratorStatusPoller times out after max attempts if status is still in progress" time="0.8110" classname="times out after max attempts if status is still in progress">
    </testcase>
    <testcase name="CodeGeneratorStatusPoller codeGeneratorStatusPoller succeeds when code is previously generated without retry" time="0.0000" classname="succeeds when code is previously generated without retry">
    </testcase>
    <testcase name="CodeGeneratorStatusPoller codeGeneratorStatusPoller succeeds once the code generation status is complete within maxRetry attempts" time="0.0020" classname="succeeds once the code generation status is complete within maxRetry attempts">
    </testcase>
  </testsuite>
  <testsuite name="SchemaCodeDownload" timestamp="2020-03-31T18:26:43" tests="0" file="/codebuild/output/src956146630/src/dist/src/test/eventSchemas/commands/downloadSchemaItemCode.test.js" time="0.0000" failures="0">
  </testsuite>
  <testsuite name="downloadCode" timestamp="2020-03-31T18:26:43" tests="4" file="/codebuild/output/src956146630/src/dist/src/test/eventSchemas/commands/downloadSchemaItemCode.test.js" time="0.0060" failures="0">
    <testcase name="SchemaCodeDownload downloadCode should download pre-generated code and place it into requested directory " time="0.0030" classname="should download pre-generated code and place it into requested directory ">
    </testcase>
    <testcase name="SchemaCodeDownload downloadCode should return error if downloading code fails with anything other than NotFoundException" time="0.0000" classname="should return error if downloading code fails with anything other than NotFoundException">
    </testcase>
    <testcase name="SchemaCodeDownload downloadCode should generate code if download fails with NotFoundException and place it into requested directory" time="0.0020" classname="should generate code if download fails with NotFoundException and place it into requested directory">
    </testcase>
    <testcase name="SchemaCodeDownload downloadCode should return coreCodeFilePath" time="0.0010" classname="should return coreCodeFilePath">
    </testcase>
  </testsuite>
  <testsuite name="CodeExtractor" timestamp="2020-03-31T18:26:43" tests="0" file="/codebuild/output/src956146630/src/dist/src/test/eventSchemas/commands/downloadSchemaItemCode.test.js" time="0.0000" failures="0">
  </testsuite>
  <testsuite name="validateNoFileCollisions" timestamp="2020-03-31T18:26:43" tests="2" file="/codebuild/output/src956146630/src/dist/src/test/eventSchemas/commands/downloadSchemaItemCode.test.js" time="0.0020" failures="0">
    <testcase name="CodeExtractor validateNoFileCollisions can validate zipFile directoryFile contents clash " time="0.0010" classname="can validate zipFile directoryFile contents clash ">
    </testcase>
    <testcase name="CodeExtractor validateNoFileCollisions should return true if no collision present" time="0.0010" classname="should return true if no collision present">
    </testcase>
  </testsuite>
  <testsuite name="extractAndPlace" timestamp="2020-03-31T18:26:43" tests="3" file="/codebuild/output/src956146630/src/dist/src/test/eventSchemas/commands/downloadSchemaItemCode.test.js" time="0.0070" failures="0">
    <testcase name="CodeExtractor extractAndPlace should extract files if no collision present" time="0.0020" classname="should extract files if no collision present">
    </testcase>
    <testcase name="CodeExtractor extractAndPlace should not override file content if collision occurs" time="0.0010" classname="should not override file content if collision occurs">
    </testcase>
    <testcase name="CodeExtractor extractAndPlace should return coreCodeFilePath if it exists inside zip content" time="0.0040" classname="should return coreCodeFilePath if it exists inside zip content">
    </testcase>
  </testsuite>
  <testsuite name="getCoreCodeFilePath" timestamp="2020-03-31T18:26:43" tests="2" file="/codebuild/output/src956146630/src/dist/src/test/eventSchemas/commands/downloadSchemaItemCode.test.js" time="0.0010" failures="0">
    <testcase name="CodeExtractor getCoreCodeFilePath shoul return file path if it exists in zipFile" time="0.0010" classname="shoul return file path if it exists in zipFile">
    </testcase>
    <testcase name="CodeExtractor getCoreCodeFilePath should return undefined if file does not exist in zipFile" time="0.0000" classname="should return undefined if file does not exist in zipFile">
    </testcase>
  </testsuite>
  <testsuite name="Search Schemas" timestamp="2020-03-31T18:26:43" tests="0" file="/codebuild/output/src956146630/src/dist/src/test/eventSchemas/commands/searchSchemas.test.js" time="0.0000" failures="0">
  </testsuite>
  <testsuite name="getSearchListForSingleRegistry" timestamp="2020-03-31T18:26:43" tests="2" file="/codebuild/output/src956146630/src/dist/src/test/eventSchemas/commands/searchSchemas.test.js" time="0.0030" failures="0">
    <testcase name="Search Schemas getSearchListForSingleRegistry should return summaries" time="0.0020" classname="should return summaries">
    </testcase>
    <testcase name="Search Schemas getSearchListForSingleRegistry should display an error message when search api call fails" time="0.0010" classname="should display an error message when search api call fails">
    </testcase>
  </testsuite>
  <testsuite name="getSearchResults" timestamp="2020-03-31T18:26:43" tests="1" file="/codebuild/output/src956146630/src/dist/src/test/eventSchemas/commands/searchSchemas.test.js" time="0.0020" failures="0">
    <testcase name="Search Schemas getSearchResults should display error message for failed registries and return summaries for successful ones" time="0.0020" classname="should display error message for failed registries and return summaries for successful ones">
    </testcase>
  </testsuite>
  <testsuite name="createMessageReceivedFunc" timestamp="2020-03-31T18:26:43" tests="4" file="/codebuild/output/src956146630/src/dist/src/test/eventSchemas/commands/searchSchemas.test.js" time="0.0050" failures="0">
    <testcase name="Search Schemas createMessageReceivedFunc shows schema content for latest matching schema version by default" time="0.0020" classname="shows schema content for latest matching schema version by default">
    </testcase>
    <testcase name="Search Schemas createMessageReceivedFunc shows schema content for user selected version" time="0.0010" classname="shows schema content for user selected version">
    </testcase>
    <testcase name="Search Schemas createMessageReceivedFunc shows schema list when user makes a search" time="0.0020" classname="shows schema list when user makes a search">
    </testcase>
    <testcase name="Search Schemas createMessageReceivedFunc throws an error for an invalid command message" time="0.0000" classname="throws an error for an invalid command message">
    </testcase>
  </testsuite>
  <testsuite name="getRegistryNameList" timestamp="2020-03-31T18:26:43" tests="3" file="/codebuild/output/src956146630/src/dist/src/test/eventSchemas/commands/searchSchemas.test.js" time="0.0010" failures="0">
    <testcase name="Search Schemas getRegistryNameList should return list with single registry name for registryItemNode" time="0.0000" classname="should return list with single registry name for registryItemNode">
    </testcase>
    <testcase name="Search Schemas getRegistryNameList should return list with multiple registry names for schemasNode" time="0.0000" classname="should return list with multiple registry names for schemasNode">
    </testcase>
    <testcase name="Search Schemas getRegistryNameList should return an empty list and display error message if schemas service not available in the region" time="0.0010" classname="should return an empty list and display error message if schemas service not available in the region">
    </testcase>
  </testsuite>
  <testsuite name="viewSchemaItem" timestamp="2020-03-31T18:26:43" tests="1" file="/codebuild/output/src956146630/src/dist/src/test/eventSchemas/commands/viewSchemaItem.test.js" time="0.0880" failures="0">
    <testcase name="viewSchemaItem prettifies schema content and inserts into the editor " time="0.0880" classname="prettifies schema content and inserts into the editor ">
    </testcase>
  </testsuite>
  <testsuite name="schemaFormatter" timestamp="2020-03-31T18:26:43" tests="1" file="/codebuild/output/src956146630/src/dist/src/test/eventSchemas/commands/viewSchemaItem.test.js" time="0.0000" failures="0">
    <testcase name="viewSchemaItem schemaFormatter can pretty print schema content" time="0.0000" classname="can pretty print schema content">
    </testcase>
  </testsuite>
  <testsuite name="showSchemaContent" timestamp="2020-03-31T18:26:43" tests="1" file="/codebuild/output/src956146630/src/dist/src/test/eventSchemas/commands/viewSchemaItem.test.js" time="0.0030" failures="0">
    <testcase name="viewSchemaItem showSchemaContent inserts pretty schema content into an editor" time="0.0030" classname="inserts pretty schema content into an editor">
    </testcase>
  </testsuite>
  <testsuite name="RegistryItemNode" timestamp="2020-03-31T18:26:43" tests="4" file="/codebuild/output/src956146630/src/dist/src/test/eventSchemas/explorer/registryItemNode.test.js" time="0.0020" failures="0">
    <testcase name="RegistryItemNode initializes name and tooltip" time="0.0000" classname="initializes name and tooltip">
    </testcase>
    <testcase name="RegistryItemNode initializes icon" time="0.0000" classname="initializes icon">
    </testcase>
    <testcase name="RegistryItemNode returns placeholder node if no children are present" time="0.0010" classname="returns placeholder node if no children are present">
    </testcase>
    <testcase name="RegistryItemNode returns schemas that belong to Registry" time="0.0010" classname="returns schemas that belong to Registry">
    </testcase>
  </testsuite>
  <testsuite name="DefaultRegistryNode" timestamp="2020-03-31T18:26:43" tests="3" file="/codebuild/output/src956146630/src/dist/src/test/eventSchemas/explorer/registryItemNode.test.js" time="0.0010" failures="0">
    <testcase name="DefaultRegistryNode Sorts Registries" time="0.0010" classname="Sorts Registries">
    </testcase>
    <testcase name="DefaultRegistryNode returns placeholder node if no children are present" time="0.0000" classname="returns placeholder node if no children are present">
    </testcase>
    <testcase name="DefaultRegistryNode handles error" time="0.0000" classname="handles error">
    </testcase>
  </testsuite>
  <testsuite name="SchemaItemNode" timestamp="2020-03-31T18:26:43" tests="4" file="/codebuild/output/src956146630/src/dist/src/test/eventSchemas/explorer/schemaItemNode.test.js" time="0.0010" failures="0">
    <testcase name="SchemaItemNode initializes name and tooltip" time="0.0000" classname="initializes name and tooltip">
    </testcase>
    <testcase name="SchemaItemNode initializes icon" time="0.0010" classname="initializes icon">
    </testcase>
    <testcase name="SchemaItemNode returns expected context value" time="0.0000" classname="returns expected context value">
    </testcase>
    <testcase name="SchemaItemNode has no children" time="0.0000" classname="has no children">
    </testcase>
  </testsuite>
  <testsuite name="RegistryItemNode" timestamp="2020-03-31T18:26:43" tests="2" file="/codebuild/output/src956146630/src/dist/src/test/eventSchemas/explorer/schemaItemNode.test.js" time="0.0020" failures="0">
    <testcase name="RegistryItemNode Sorts Schema Items By Name" time="0.0010" classname="Sorts Schema Items By Name">
    </testcase>
    <testcase name="RegistryItemNode handles error" time="0.0010" classname="handles error">
    </testcase>
  </testsuite>
  <testsuite name="SchemasNode" timestamp="2020-03-31T18:26:43" tests="4" file="/codebuild/output/src956146630/src/dist/src/test/eventSchemas/explorer/schemasNode.test.js" time="0.0020" failures="0">
    <testcase name="SchemasNode returns placeholder node if no children are present" time="0.0000" classname="returns placeholder node if no children are present">
    </testcase>
    <testcase name="SchemasNode has RegistryItemNode child nodes" time="0.0010" classname="has RegistryItemNode child nodes">
    </testcase>
    <testcase name="SchemasNode sorts child nodes" time="0.0010" classname="sorts child nodes">
    </testcase>
    <testcase name="SchemasNode has an error node for a child if an error happens during loading" time="0.0000" classname="has an error node for a child if an error happens during loading">
    </testcase>
  </testsuite>
  <testsuite name="SchemaCodeGenUtils" timestamp="2020-03-31T18:26:43" tests="0" file="/codebuild/output/src956146630/src/dist/src/test/eventSchemas/model/schemaCodeGenUtils.test.js" time="0.0000" failures="0">
  </testsuite>
  <testsuite name="buildSchemaPackageName" timestamp="2020-03-31T18:26:43" tests="9" file="/codebuild/output/src956146630/src/dist/src/test/eventSchemas/model/schemaCodeGenUtils.test.js" time="0.0000" failures="0">
    <testcase name="SchemaCodeGenUtils buildSchemaPackageName builds the &quot;aws event&quot; package name" time="0.0000" classname="builds the &quot;aws event&quot; package name">
    </testcase>
    <testcase name="SchemaCodeGenUtils buildSchemaPackageName builds the &quot;aws event&quot; package name containing package seperator @" time="0.0000" classname="builds the &quot;aws event&quot; package name containing package seperator @">
    </testcase>
    <testcase name="SchemaCodeGenUtils buildSchemaPackageName builds the &quot;partner event&quot; package name containing slash,numbers,dash and package seperator @" time="0.0000" classname="builds the &quot;partner event&quot; package name containing slash,numbers,dash and package seperator @">
    </testcase>
    <testcase name="SchemaCodeGenUtils buildSchemaPackageName builds the &quot;partner event&quot; package name containing other special characters" time="0.0000" classname="builds the &quot;partner event&quot; package name containing other special characters">
    </testcase>
    <testcase name="SchemaCodeGenUtils buildSchemaPackageName builds the &quot;partner event&quot; package name containing package seperator @ only" time="0.0000" classname="builds the &quot;partner event&quot; package name containing package seperator @ only">
    </testcase>
    <testcase name="SchemaCodeGenUtils buildSchemaPackageName builds the &quot;custom event&quot; package name containing no special characters" time="0.0000" classname="builds the &quot;custom event&quot; package name containing no special characters">
    </testcase>
    <testcase name="SchemaCodeGenUtils buildSchemaPackageName builds the &quot;custom event&quot; package name containing special characters" time="0.0000" classname="builds the &quot;custom event&quot; package name containing special characters">
    </testcase>
    <testcase name="SchemaCodeGenUtils buildSchemaPackageName builds the &quot;custom event&quot; package name containing package seperator" time="0.0000" classname="builds the &quot;custom event&quot; package name containing package seperator">
    </testcase>
    <testcase name="SchemaCodeGenUtils buildSchemaPackageName builds the &quot;custom event&quot; package name containing multiple package seperators" time="0.0000" classname="builds the &quot;custom event&quot; package name containing multiple package seperators">
    </testcase>
  </testsuite>
  <testsuite name="IdentifierFormatter" timestamp="2020-03-31T18:26:43" tests="0" file="/codebuild/output/src956146630/src/dist/src/test/eventSchemas/model/schemaCodeGenUtils.test.js" time="0.0000" failures="0">
  </testsuite>
  <testsuite name="toValidIdentifier" timestamp="2020-03-31T18:26:43" tests="2" file="/codebuild/output/src956146630/src/dist/src/test/eventSchemas/model/schemaCodeGenUtils.test.js" time="0.0000" failures="0">
    <testcase name="IdentifierFormatter toValidIdentifier replaces invalid identifier characters with underscore" time="0.0000" classname="replaces invalid identifier characters with underscore">
    </testcase>
    <testcase name="IdentifierFormatter toValidIdentifier replaces package seperator @ with dot" time="0.0000" classname="replaces package seperator @ with dot">
    </testcase>
  </testsuite>
  <testsuite name="getLanguageDetails" timestamp="2020-03-31T18:26:43" tests="1" file="/codebuild/output/src956146630/src/dist/src/test/eventSchemas/model/schemaCodeLangs.test.js" time="0.0000" failures="0">
    <testcase name="getLanguageDetails should successfully return details for supported languages" time="0.0000" classname="should successfully return details for supported languages">
    </testcase>
  </testsuite>
  <testsuite name="getApiValueForSchemasDownload" timestamp="2020-03-31T18:26:43" tests="1" file="/codebuild/output/src956146630/src/dist/src/test/eventSchemas/model/schemaCodeLangs.test.js" time="0.0010" failures="0">
    <testcase name="getApiValueForSchemasDownload should return api value for runtimes supported by eventBridge application" time="0.0010" classname="should return api value for runtimes supported by eventBridge application">
    </testcase>
  </testsuite>
  <testsuite name="schemasDataProvider" timestamp="2020-03-31T18:26:43" tests="0" file="/codebuild/output/src956146630/src/dist/src/test/eventSchemas/providers/schemasDataProvider.test.js" time="0.0000" failures="0">
  </testsuite>
  <testsuite name="getRegistries" timestamp="2020-03-31T18:26:43" tests="4" file="/codebuild/output/src956146630/src/dist/src/test/eventSchemas/providers/schemasDataProvider.test.js" time="0.0020" failures="0">
    <testcase name="schemasDataProvider getRegistries should return registries for given region" time="0.0010" classname="should return registries for given region">
    </testcase>
    <testcase name="schemasDataProvider getRegistries should retain results when it is queried with same credentials " time="0.0000" classname="should retain results when it is queried with same credentials ">
    </testcase>
    <testcase name="schemasDataProvider getRegistries should retain results when it is queried with different credentials " time="0.0010" classname="should retain results when it is queried with different credentials ">
    </testcase>
    <testcase name="schemasDataProvider getRegistries should return undefined when error occurs" time="0.0000" classname="should return undefined when error occurs">
    </testcase>
  </testsuite>
  <testsuite name="getSchemas" timestamp="2020-03-31T18:26:43" tests="4" file="/codebuild/output/src956146630/src/dist/src/test/eventSchemas/providers/schemasDataProvider.test.js" time="0.0010" failures="0">
    <testcase name="schemasDataProvider getSchemas should return schemas for given region" time="0.0000" classname="should return schemas for given region">
    </testcase>
    <testcase name="schemasDataProvider getSchemas should retain results when it is queried with same credentials " time="0.0010" classname="should retain results when it is queried with same credentials ">
    </testcase>
    <testcase name="schemasDataProvider getSchemas should retain results when it is queried with different credentials " time="0.0000" classname="should retain results when it is queried with different credentials ">
    </testcase>
    <testcase name="schemasDataProvider getSchemas should return undefined when error occurs " time="0.0000" classname="should return undefined when error occurs ">
    </testcase>
  </testsuite>
  <testsuite name="Build template parameters for AwsEventSchema" timestamp="2020-03-31T18:26:43" tests="1" file="/codebuild/output/src956146630/src/dist/src/test/eventSchemas/templates/schemasAppTemplateUtils.test.js" time="0.0010" failures="0">
    <testcase name="Build template parameters for AwsEventSchema should build correct template parameters for aws event schema" time="0.0010" classname="should build correct template parameters for aws event schema">
    </testcase>
  </testsuite>
  <testsuite name="Build template parameters for PartnerSchema" timestamp="2020-03-31T18:26:43" tests="1" file="/codebuild/output/src956146630/src/dist/src/test/eventSchemas/templates/schemasAppTemplateUtils.test.js" time="0.0000" failures="0">
    <testcase name="Build template parameters for PartnerSchema should build correct template parameters for partner schema" time="0.0000" classname="should build correct template parameters for partner schema">
    </testcase>
  </testsuite>
  <testsuite name="Build template parameters for CustomerUploadedSchema" timestamp="2020-03-31T18:26:43" tests="1" file="/codebuild/output/src956146630/src/dist/src/test/eventSchemas/templates/schemasAppTemplateUtils.test.js" time="0.0010" failures="0">
    <testcase name="Build template parameters for CustomerUploadedSchema should build correct template parameters for customer uploaded schema with single type" time="0.0010" classname="should build correct template parameters for customer uploaded schema with single type">
    </testcase>
  </testsuite>
  <testsuite name="Build template parameters for CustomerUploadedSchemaMultipleTypes" timestamp="2020-03-31T18:26:43" tests="1" file="/codebuild/output/src956146630/src/dist/src/test/eventSchemas/templates/schemasAppTemplateUtils.test.js" time="0.0000" failures="0">
    <testcase name="Build template parameters for CustomerUploadedSchemaMultipleTypes should  build correct template parameters for customer uploaded schema with multiple types" time="0.0000" classname="should  build correct template parameters for customer uploaded schema with multiple types">
    </testcase>
  </testsuite>
  <testsuite name="SchemaCodeDownloadWizard" timestamp="2020-03-31T18:26:43" tests="0" file="/codebuild/output/src956146630/src/dist/src/test/eventSchemas/wizards/schemaCodeDownloadWizard.test.js" time="0.0000" failures="0">
  </testsuite>
  <testsuite name="version" timestamp="2020-03-31T18:26:43" tests="2" file="/codebuild/output/src956146630/src/dist/src/test/eventSchemas/wizards/schemaCodeDownloadWizard.test.js" time="0.0020" failures="0">
    <testcase name="SchemaCodeDownloadWizard version uses user response as schemaVersion" time="0.0010" classname="uses user response as schemaVersion">
    </testcase>
    <testcase name="SchemaCodeDownloadWizard version exits when cancelled" time="0.0010" classname="exits when cancelled">
    </testcase>
  </testsuite>
  <testsuite name="language" timestamp="2020-03-31T18:26:43" tests="2" file="/codebuild/output/src956146630/src/dist/src/test/eventSchemas/wizards/schemaCodeDownloadWizard.test.js" time="0.0000" failures="0">
    <testcase name="SchemaCodeDownloadWizard language uses user response as language" time="0.0000" classname="uses user response as language">
    </testcase>
    <testcase name="SchemaCodeDownloadWizard language backtracks when cancelled" time="0.0000" classname="backtracks when cancelled">
    </testcase>
  </testsuite>
  <testsuite name="location" timestamp="2020-03-31T18:26:43" tests="4" file="/codebuild/output/src956146630/src/dist/src/test/eventSchemas/wizards/schemaCodeDownloadWizard.test.js" time="0.0000" failures="0">
    <testcase name="SchemaCodeDownloadWizard location uses user response as location" time="0.0000" classname="uses user response as location">
    </testcase>
    <testcase name="SchemaCodeDownloadWizard location backtracks when cancelled" time="0.0000" classname="backtracks when cancelled">
    </testcase>
    <testcase name="SchemaCodeDownloadWizard location contains a &apos;browse&apos; option" time="0.0000" classname="contains a &apos;browse&apos; option">
    </testcase>
    <testcase name="SchemaCodeDownloadWizard location contains an option for each workspace folder" time="0.0000" classname="contains an option for each workspace folder">
    </testcase>
  </testsuite>
  <testsuite name="submitFeedbackListener" timestamp="2020-03-31T18:26:43" tests="2" file="/codebuild/output/src956146630/src/dist/src/test/feedback/commands/submitFeedbackListener.test.js" time="0.0030" failures="0">
    <testcase name="submitFeedbackListener submits feedback, disposes, and shows message on success" time="0.0020" classname="submits feedback, disposes, and shows message on success">
    </testcase>
    <testcase name="submitFeedbackListener submits feedback and posts failure message on failure" time="0.0010" classname="submits feedback and posts failure message on failure">
    </testcase>
  </testsuite>
  <testsuite name="deleteLambda" timestamp="2020-03-31T18:26:43" tests="4" file="/codebuild/output/src956146630/src/dist/src/test/lambda/commands/deleteLambda.test.js" time="0.0000" failures="0">
    <testcase name="deleteLambda should do nothing if function name is not provided" time="0.0000" classname="should do nothing if function name is not provided">
    </testcase>
    <testcase name="deleteLambda should delete lambda when confirmed" time="0.0000" classname="should delete lambda when confirmed">
    </testcase>
    <testcase name="deleteLambda should not delete lambda when cancelled" time="0.0000" classname="should not delete lambda when cancelled">
    </testcase>
    <testcase name="deleteLambda should handles errors gracefully" time="0.0000" classname="should handles errors gracefully">
    </testcase>
  </testsuite>
  <testsuite name="deploySamApplication" timestamp="2020-03-31T18:26:43" tests="7" file="/codebuild/output/src956146630/src/dist/src/test/lambda/commands/deploySamApplication.test.js" time="0.0480" failures="0">
    <testcase name="deploySamApplication deploys with the happy path" time="0.0130" classname="deploys with the happy path">
    </testcase>
    <testcase name="deploySamApplication informs user of error when user is not logged in" time="0.0000" classname="informs user of error when user is not logged in">
    </testcase>
    <testcase name="deploySamApplication informs user of error when sam cli is invalid" time="0.0060" classname="informs user of error when sam cli is invalid">
    </testcase>
    <testcase name="deploySamApplication exits if the wizard is cancelled" time="0.0000" classname="exits if the wizard is cancelled">
    </testcase>
    <testcase name="deploySamApplication informs user of error if invoking sam build fails" time="0.0100" classname="informs user of error if invoking sam build fails">
    </testcase>
    <testcase name="deploySamApplication informs user of error if invoking sam package fails" time="0.0100" classname="informs user of error if invoking sam package fails">
    </testcase>
    <testcase name="deploySamApplication informs user of error if invoking sam deploy fails" time="0.0090" classname="informs user of error if invoking sam deploy fails">
    </testcase>
  </testsuite>
  <testsuite name="SamParameterCompletionItemProvider" timestamp="2020-03-31T18:26:43" tests="10" file="/codebuild/output/src956146630/src/dist/src/test/lambda/config/samParameterCompletionItemProvider.test.js" time="0.0010" failures="0">
    <testcase name="SamParameterCompletionItemProvider recovers gracefully if document is not in a workspace" time="0.0000" classname="recovers gracefully if document is not in a workspace">
    </testcase>
    <testcase name="SamParameterCompletionItemProvider does not provide suggestions if document symbols could not be loaded" time="0.0000" classname="does not provide suggestions if document symbols could not be loaded">
    </testcase>
    <testcase name="SamParameterCompletionItemProvider does not provide suggestions if no matching template is found" time="0.0000" classname="does not provide suggestions if no matching template is found">
    </testcase>
    <testcase name="SamParameterCompletionItemProvider suggests all parameter names if user has not started typing the parameter name" time="0.0010" classname="suggests all parameter names if user has not started typing the parameter name">
    </testcase>
    <testcase name="SamParameterCompletionItemProvider suggests only matching parameter names if user has started typing the parameter name" time="0.0000" classname="suggests only matching parameter names if user has started typing the parameter name">
    </testcase>
    <testcase name="SamParameterCompletionItemProvider recovers gracefully if templates.json is empty or invalid" time="0.0000" classname="recovers gracefully if templates.json is empty or invalid">
    </testcase>
    <testcase name="SamParameterCompletionItemProvider recovers gracefully if cursor is not within the `templates` property" time="0.0000" classname="recovers gracefully if cursor is not within the `templates` property">
    </testcase>
    <testcase name="SamParameterCompletionItemProvider recovers gracefully if `parameterOverrides` is not defined for this template" time="0.0000" classname="recovers gracefully if `parameterOverrides` is not defined for this template">
    </testcase>
    <testcase name="SamParameterCompletionItemProvider recovers gracefully if cursor is not within the `parameterOverrides` property" time="0.0000" classname="recovers gracefully if cursor is not within the `parameterOverrides` property">
    </testcase>
    <testcase name="SamParameterCompletionItemProvider recovers gracefully if cursor is not within a property name within `parameterOverrides`" time="0.0000" classname="recovers gracefully if cursor is not within a property name within `parameterOverrides`">
    </testcase>
  </testsuite>
  <testsuite name="templates" timestamp="2020-03-31T18:26:43" tests="0" file="/codebuild/output/src956146630/src/dist/src/test/lambda/config/templates.test.js" time="0.0000" failures="0">
  </testsuite>
  <testsuite name="load" timestamp="2020-03-31T18:26:43" tests="8" file="/codebuild/output/src956146630/src/dist/src/test/lambda/config/templates.test.js" time="0.0030" failures="0">
    <testcase name="templates load loads a valid file without parameter overrides" time="0.0010" classname="loads a valid file without parameter overrides">
    </testcase>
    <testcase name="templates load loads a valid file with parameter overrides" time="0.0000" classname="loads a valid file with parameter overrides">
    </testcase>
    <testcase name="templates load returns minimal config on missing file" time="0.0000" classname="returns minimal config on missing file">
    </testcase>
    <testcase name="templates load throws on error loading file" time="0.0000" classname="throws on error loading file">
    </testcase>
    <testcase name="templates load gracefully handles invalid JSON" time="0.0010" classname="gracefully handles invalid JSON">
    </testcase>
    <testcase name="templates load supports JSON comments" time="0.0010" classname="supports JSON comments">
    </testcase>
    <testcase name="templates load reads the correct path" time="0.0000" classname="reads the correct path">
    </testcase>
    <testcase name="templates load saves dirty documents before loading" time="0.0000" classname="saves dirty documents before loading">
    </testcase>
  </testsuite>
  <testsuite name="getTemplatesConfigPath" timestamp="2020-03-31T18:26:43" tests="1" file="/codebuild/output/src956146630/src/dist/src/test/lambda/config/templates.test.js" time="0.0000" failures="0">
    <testcase name="getTemplatesConfigPath returns expected path" time="0.0000" classname="returns expected path">
    </testcase>
  </testsuite>
  <testsuite name="TemplatesConfigPopulator" timestamp="2020-03-31T18:26:43" tests="1" file="/codebuild/output/src956146630/src/dist/src/test/lambda/config/templates.test.js" time="0.0010" failures="0">
    <testcase name="TemplatesConfigPopulator handles ModificationOptions" time="0.0010" classname="handles ModificationOptions">
    </testcase>
  </testsuite>
  <testsuite name="ensureTemplateSectionExists" timestamp="2020-03-31T18:26:43" tests="4" file="/codebuild/output/src956146630/src/dist/src/test/lambda/config/templates.test.js" time="0.0010" failures="0">
    <testcase name="TemplatesConfigPopulator ensureTemplateSectionExists handles clean data" time="0.0010" classname="handles clean data">
    </testcase>
    <testcase name="TemplatesConfigPopulator ensureTemplateSectionExists handles missing templates section" time="0.0000" classname="handles missing templates section">
    </testcase>
    <testcase name="TemplatesConfigPopulator ensureTemplateSectionExists handles missing template section" time="0.0000" classname="handles missing template section">
    </testcase>
    <testcase name="TemplatesConfigPopulator ensureTemplateSectionExists errs with invalid templates type" time="0.0000" classname="errs with invalid templates type">
    </testcase>
  </testsuite>
  <testsuite name="ensureTemplateHandlerSectionExists" timestamp="2020-03-31T18:26:43" tests="6" file="/codebuild/output/src956146630/src/dist/src/test/lambda/config/templates.test.js" time="0.0060" failures="0">
    <testcase name="TemplatesConfigPopulator ensureTemplateHandlerSectionExists handles clean data" time="0.0010" classname="handles clean data">
    </testcase>
    <testcase name="TemplatesConfigPopulator ensureTemplateHandlerSectionExists errs with invalid template type" time="0.0010" classname="errs with invalid template type">
    </testcase>
    <testcase name="TemplatesConfigPopulator ensureTemplateHandlerSectionExists errs with invalid handlers type" time="0.0010" classname="errs with invalid handlers type">
    </testcase>
    <testcase name="TemplatesConfigPopulator ensureTemplateHandlerSectionExists errs with invalid handler type" time="0.0010" classname="errs with invalid handler type">
    </testcase>
    <testcase name="TemplatesConfigPopulator ensureTemplateHandlerSectionExists handles missing handlers section" time="0.0010" classname="handles missing handlers section">
    </testcase>
    <testcase name="TemplatesConfigPopulator ensureTemplateHandlerSectionExists handles missing handler section" time="0.0010" classname="handles missing handler section">
    </testcase>
  </testsuite>
  <testsuite name="ensureTemplateHandlerPropertiesExist" timestamp="2020-03-31T18:26:43" tests="6" file="/codebuild/output/src956146630/src/dist/src/test/lambda/config/templates.test.js" time="0.0010" failures="0">
    <testcase name="TemplatesConfigPopulator ensureTemplateHandlerPropertiesExist handles clean data" time="0.0000" classname="handles clean data">
    </testcase>
    <testcase name="TemplatesConfigPopulator ensureTemplateHandlerPropertiesExist errs with invalid handler type" time="0.0000" classname="errs with invalid handler type">
    </testcase>
    <testcase name="TemplatesConfigPopulator ensureTemplateHandlerPropertiesExist errs with invalid event type" time="0.0010" classname="errs with invalid event type">
    </testcase>
    <testcase name="TemplatesConfigPopulator ensureTemplateHandlerPropertiesExist handles missing everything" time="0.0000" classname="handles missing everything">
    </testcase>
    <testcase name="TemplatesConfigPopulator ensureTemplateHandlerPropertiesExist handles missing event" time="0.0000" classname="handles missing event">
    </testcase>
    <testcase name="TemplatesConfigPopulator ensureTemplateHandlerPropertiesExist handles missing envvars" time="0.0000" classname="handles missing envvars">
    </testcase>
  </testsuite>
  <testsuite name="ensureTemplateParameterOverrideExists" timestamp="2020-03-31T18:26:43" tests="5" file="/codebuild/output/src956146630/src/dist/src/test/lambda/config/templates.test.js" time="0.0020" failures="0">
    <testcase name="TemplatesConfigPopulator ensureTemplateParameterOverrideExists creates parameterOverrides section if it does not already exist" time="0.0010" classname="creates parameterOverrides section if it does not already exist">
    </testcase>
    <testcase name="TemplatesConfigPopulator ensureTemplateParameterOverrideExists adds new override if it does not already exist" time="0.0010" classname="adds new override if it does not already exist">
    </testcase>
    <testcase name="TemplatesConfigPopulator ensureTemplateParameterOverrideExists does not overwrite existing overrides" time="0.0000" classname="does not overwrite existing overrides">
    </testcase>
    <testcase name="TemplatesConfigPopulator ensureTemplateParameterOverrideExists throws if parameterOverrides exists, but is not an object or null" time="0.0000" classname="throws if parameterOverrides exists, but is not an object or null">
    </testcase>
    <testcase name="TemplatesConfigPopulator ensureTemplateParameterOverrideExists throws if override value exists, but is not a string or null" time="0.0000" classname="throws if override value exists, but is not a string or null">
    </testcase>
  </testsuite>
  <testsuite name="CloudFormationStackNode" timestamp="2020-03-31T18:26:43" tests="8" file="/codebuild/output/src956146630/src/dist/src/test/lambda/explorer/cloudFormationNodes.test.js" time="0.0040" failures="0">
    <testcase name="CloudFormationStackNode initializes name and tooltip" time="0.0000" classname="initializes name and tooltip">
    </testcase>
    <testcase name="CloudFormationStackNode initializes icon" time="0.0000" classname="initializes icon">
    </testcase>
    <testcase name="CloudFormationStackNode returns placeholder node if no children are present" time="0.0010" classname="returns placeholder node if no children are present">
    </testcase>
    <testcase name="CloudFormationStackNode has LambdaFunctionNode child nodes" time="0.0010" classname="has LambdaFunctionNode child nodes">
    </testcase>
    <testcase name="CloudFormationStackNode has child nodes with CloudFormation contextValue" time="0.0000" classname="has child nodes with CloudFormation contextValue">
    </testcase>
    <testcase name="CloudFormationStackNode only includes functions which are in a CloudFormation stack" time="0.0010" classname="only includes functions which are in a CloudFormation stack">
    </testcase>
    <testcase name="CloudFormationStackNode sorts child nodes" time="0.0010" classname="sorts child nodes">
    </testcase>
    <testcase name="CloudFormationStackNode has an error node for a child if an error happens during loading" time="0.0000" classname="has an error node for a child if an error happens during loading">
    </testcase>
  </testsuite>
  <testsuite name="CloudFormationNode" timestamp="2020-03-31T18:26:43" tests="4" file="/codebuild/output/src956146630/src/dist/src/test/lambda/explorer/cloudFormationNodes.test.js" time="0.0030" failures="0">
    <testcase name="CloudFormationNode has CloudFormationStackNode child nodes" time="0.0010" classname="has CloudFormationStackNode child nodes">
    </testcase>
    <testcase name="CloudFormationNode has sorted child nodes" time="0.0010" classname="has sorted child nodes">
    </testcase>
    <testcase name="CloudFormationNode returns placeholder node if no children are present" time="0.0010" classname="returns placeholder node if no children are present">
    </testcase>
    <testcase name="CloudFormationNode has an error node for a child if an error happens during loading" time="0.0000" classname="has an error node for a child if an error happens during loading">
    </testcase>
  </testsuite>
  <testsuite name="LambdaFunctionNode" timestamp="2020-03-31T18:26:43" tests="8" file="/codebuild/output/src956146630/src/dist/src/test/lambda/explorer/lambdaFunctionNode.test.js" time="0.0010" failures="0">
    <testcase name="LambdaFunctionNode instantiates without issue" time="0.0000" classname="instantiates without issue">
    </testcase>
    <testcase name="LambdaFunctionNode initializes the parent node" time="0.0000" classname="initializes the parent node">
    </testcase>
    <testcase name="LambdaFunctionNode initializes the region code" time="0.0000" classname="initializes the region code">
    </testcase>
    <testcase name="LambdaFunctionNode initializes the label" time="0.0010" classname="initializes the label">
    </testcase>
    <testcase name="LambdaFunctionNode initializes the functionName" time="0.0000" classname="initializes the functionName">
    </testcase>
    <testcase name="LambdaFunctionNode initializes the tooltip" time="0.0000" classname="initializes the tooltip">
    </testcase>
    <testcase name="LambdaFunctionNode initializes the icon" time="0.0000" classname="initializes the icon">
    </testcase>
    <testcase name="LambdaFunctionNode has no children" time="0.0000" classname="has no children">
    </testcase>
  </testsuite>
  <testsuite name="LambdaNode" timestamp="2020-03-31T18:26:43" tests="5" file="/codebuild/output/src956146630/src/dist/src/test/lambda/explorer/lambdaNodes.test.js" time="0.0030" failures="0">
    <testcase name="LambdaNode returns placeholder node if no children are present" time="0.0010" classname="returns placeholder node if no children are present">
    </testcase>
    <testcase name="LambdaNode has LambdaFunctionNode child nodes" time="0.0010" classname="has LambdaFunctionNode child nodes">
    </testcase>
    <testcase name="LambdaNode has child nodes with Lambda Function contextValue" time="0.0000" classname="has child nodes with Lambda Function contextValue">
    </testcase>
    <testcase name="LambdaNode sorts child nodes" time="0.0000" classname="sorts child nodes">
    </testcase>
    <testcase name="LambdaNode has an error node for a child if an error happens during loading" time="0.0010" classname="has an error node for a child if an error happens during loading">
    </testcase>
  </testsuite>
  <testsuite name="makeCoreCLRDebugConfiguration" timestamp="2020-03-31T18:26:43" tests="1" file="/codebuild/output/src956146630/src/dist/src/test/lambda/local/debugConfiguration.test.js" time="0.0010" failures="0">
    <testcase name="makeCoreCLRDebugConfiguration uses the specified codeUri" time="0.0010" classname="uses the specified codeUri">
    </testcase>
  </testsuite>
  <testsuite name="windows" timestamp="2020-03-31T18:26:43" tests="2" file="/codebuild/output/src956146630/src/dist/src/test/lambda/local/debugConfiguration.test.js" time="0.0000" failures="0">
    <testcase name="makeCoreCLRDebugConfiguration windows uses powershell" time="0.0000" classname="uses powershell">
    </testcase>
    <testcase name="makeCoreCLRDebugConfiguration windows uses the specified port" time="0.0000" classname="uses the specified port">
    </testcase>
  </testsuite>
  <testsuite name="*nix" timestamp="2020-03-31T18:26:43" tests="2" file="/codebuild/output/src956146630/src/dist/src/test/lambda/local/debugConfiguration.test.js" time="0.0000" failures="0">
    <testcase name="makeCoreCLRDebugConfiguration *nix uses the default shell" time="0.0000" classname="uses the default shell">
    </testcase>
    <testcase name="makeCoreCLRDebugConfiguration *nix uses the specified port" time="0.0000" classname="uses the specified port">
    </testcase>
  </testsuite>
  <testsuite name="detectLocalLambdas" timestamp="2020-03-31T18:26:43" tests="6" file="/codebuild/output/src956146630/src/dist/src/test/lambda/local/detectLocalLambdas.test.js" time="0.0120" failures="0">
    <testcase name="detectLocalLambdas detects no lambdas when workspaceFolders is empty" time="0.0010" classname="detects no lambdas when workspaceFolders is empty">
    </testcase>
    <testcase name="detectLocalLambdas detects no lambdas when template.y[a]ml does not exist" time="0.0010" classname="detects no lambdas when template.y[a]ml does not exist">
    </testcase>
    <testcase name="detectLocalLambdas detects no lambdas when template.y[a]ml is empty" time="0.0040" classname="detects no lambdas when template.y[a]ml is empty">
    </testcase>
    <testcase name="detectLocalLambdas detects lambdas when template.yml exists" time="0.0020" classname="detects lambdas when template.yml exists">
    </testcase>
    <testcase name="detectLocalLambdas detects lambdas when template.yaml exists" time="0.0020" classname="detects lambdas when template.yaml exists">
    </testcase>
    <testcase name="detectLocalLambdas detects lambdas in multi-folder workspace" time="0.0020" classname="detects lambdas in multi-folder workspace">
    </testcase>
  </testsuite>
  <testsuite name="detectLocalTemplates" timestamp="2020-03-31T18:26:43" tests="6" file="/codebuild/output/src956146630/src/dist/src/test/lambda/local/detectLocalTemplates.test.js" time="0.0060" failures="0">
    <testcase name="detectLocalTemplates Detects no templates when there are no workspace folders" time="0.0000" classname="Detects no templates when there are no workspace folders">
    </testcase>
    <testcase name="detectLocalTemplates Detects templates at the root of each workspace folder" time="0.0010" classname="Detects templates at the root of each workspace folder">
    </testcase>
    <testcase name="detectLocalTemplates Detects templates in child folders of each workspace folder" time="0.0010" classname="Detects templates in child folders of each workspace folder">
    </testcase>
    <testcase name="detectLocalTemplates does not detect templates deeper than the specified folder depth" time="0.0020" classname="does not detect templates deeper than the specified folder depth">
    </testcase>
    <testcase name="detectLocalTemplates Detects multiple templates when multiple folders contain templates" time="0.0010" classname="Detects multiple templates when multiple folders contain templates">
    </testcase>
    <testcase name="detectLocalTemplates Detects multiple templates when both template.yml and template.yaml exist in a folder" time="0.0010" classname="Detects multiple templates when both template.yml and template.yaml exist in a folder">
    </testcase>
  </testsuite>
  <testsuite name="compareSamLambdaRuntime" timestamp="2020-03-31T18:26:43" tests="6" file="/codebuild/output/src956146630/src/dist/src/test/lambda/models/samLambdaRuntime.test.js" time="0.0000" failures="0">
    <testcase name="compareSamLambdaRuntime nodejs8.10 &lt; nodejs10.x" time="0.0000" classname="nodejs8.10 &lt; nodejs10.x">
    </testcase>
    <testcase name="compareSamLambdaRuntime nodejs10.x &gt; nodejs8.10" time="0.0000" classname="nodejs10.x &gt; nodejs8.10">
    </testcase>
    <testcase name="compareSamLambdaRuntime nodejs8.10 &lt; nodejs12.x" time="0.0000" classname="nodejs8.10 &lt; nodejs12.x">
    </testcase>
    <testcase name="compareSamLambdaRuntime nodejs12.x &gt; nodejs8.10" time="0.0000" classname="nodejs12.x &gt; nodejs8.10">
    </testcase>
    <testcase name="compareSamLambdaRuntime nodejs10.x &lt; nodejs12.x" time="0.0000" classname="nodejs10.x &lt; nodejs12.x">
    </testcase>
    <testcase name="compareSamLambdaRuntime nodejs12.x &gt; nodejs10.x" time="0.0000" classname="nodejs12.x &gt; nodejs10.x">
    </testcase>
  </testsuite>
  <testsuite name="getDependencyManager" timestamp="2020-03-31T18:26:43" tests="1" file="/codebuild/output/src956146630/src/dist/src/test/lambda/models/samLambdaRuntime.test.js" time="0.0000" failures="0">
    <testcase name="getDependencyManager all runtimes are handled" time="0.0000" classname="all runtimes are handled">
    </testcase>
  </testsuite>
  <testsuite name="getFamily" timestamp="2020-03-31T18:26:43" tests="1" file="/codebuild/output/src956146630/src/dist/src/test/lambda/models/samLambdaRuntime.test.js" time="0.0000" failures="0">
    <testcase name="getFamily all runtimes are handled" time="0.0000" classname="all runtimes are handled">
    </testcase>
  </testsuite>
  <testsuite name="getSamTemplateWizardOption" timestamp="2020-03-31T18:26:43" tests="1" file="/codebuild/output/src956146630/src/dist/src/test/lambda/models/samTemplates.test.js" time="0.0000" failures="0">
    <testcase name="getSamTemplateWizardOption should successfully return available templates for specific runtime" time="0.0000" classname="should successfully return available templates for specific runtime">
    </testcase>
  </testsuite>
  <testsuite name="getSamCliTemplateParameter" timestamp="2020-03-31T18:26:43" tests="2" file="/codebuild/output/src956146630/src/dist/src/test/lambda/models/samTemplates.test.js" time="0.0000" failures="0">
    <testcase name="getSamCliTemplateParameter should successfully return template values used by sam cli" time="0.0000" classname="should successfully return template values used by sam cli">
    </testcase>
    <testcase name="getSamCliTemplateParameter should return error if the template option is not valid" time="0.0000" classname="should return error if the template option is not valid">
    </testcase>
  </testsuite>
  <testsuite name="getTemplateDescription" timestamp="2020-03-31T18:26:43" tests="1" file="/codebuild/output/src956146630/src/dist/src/test/lambda/models/samTemplates.test.js" time="0.0000" failures="0">
    <testcase name="getTemplateDescription all templates are handled" time="0.0000" classname="all templates are handled">
    </testcase>
  </testsuite>
  <testsuite name="parameterUtils" timestamp="2020-03-31T18:26:43" tests="0" file="/codebuild/output/src956146630/src/dist/src/test/lambda/utilities/parameterUtils.test.js" time="0.0000" failures="0">
  </testsuite>
  <testsuite name="getParameters" timestamp="2020-03-31T18:26:43" tests="5" file="/codebuild/output/src956146630/src/dist/src/test/lambda/utilities/parameterUtils.test.js" time="0.0020" failures="0">
    <testcase name="parameterUtils getParameters returns an empty map if template has no parameters section" time="0.0000" classname="returns an empty map if template has no parameters section">
    </testcase>
    <testcase name="parameterUtils getParameters returns an empty map if parameters section is empty" time="0.0000" classname="returns an empty map if parameters section is empty">
    </testcase>
    <testcase name="parameterUtils getParameters sets `required` to true if default is undefined" time="0.0010" classname="sets `required` to true if default is undefined">
    </testcase>
    <testcase name="parameterUtils getParameters sets `required` to false if default is defined, but falsy" time="0.0010" classname="sets `required` to false if default is defined, but falsy">
    </testcase>
    <testcase name="parameterUtils getParameters sets `required` to false if default is defined and truthy" time="0.0000" classname="sets `required` to false if default is defined and truthy">
    </testcase>
  </testsuite>
  <testsuite name="getParameterNames" timestamp="2020-03-31T18:26:43" tests="2" file="/codebuild/output/src956146630/src/dist/src/test/lambda/utilities/parameterUtils.test.js" time="0.0020" failures="0">
    <testcase name="parameterUtils getParameterNames returns an empty array if no parameters were found" time="0.0010" classname="returns an empty array if no parameters were found">
    </testcase>
    <testcase name="parameterUtils getParameterNames returns the names of each parameter" time="0.0010" classname="returns the names of each parameter">
    </testcase>
  </testsuite>
  <testsuite name="getOverriddenParameters" timestamp="2020-03-31T18:26:43" tests="5" file="/codebuild/output/src956146630/src/dist/src/test/lambda/utilities/parameterUtils.test.js" time="0.0020" failures="0">
    <testcase name="parameterUtils getOverriddenParameters throws if template is not in the workspace" time="0.0000" classname="throws if template is not in the workspace">
    </testcase>
    <testcase name="parameterUtils getOverriddenParameters returns undefined if no config is found for this template" time="0.0000" classname="returns undefined if no config is found for this template">
    </testcase>
    <testcase name="parameterUtils getOverriddenParameters returns undefined if config for this template does not contain `parameterOverrides`" time="0.0000" classname="returns undefined if config for this template does not contain `parameterOverrides`">
    </testcase>
    <testcase name="parameterUtils getOverriddenParameters returns an empty map if this template contains an empty `parameterOverrides`" time="0.0010" classname="returns an empty map if this template contains an empty `parameterOverrides`">
    </testcase>
    <testcase name="parameterUtils getOverriddenParameters returns a map of parameter names to their overridden values" time="0.0010" classname="returns a map of parameter names to their overridden values">
    </testcase>
  </testsuite>
  <testsuite name="SamDeployWizard" timestamp="2020-03-31T18:26:43" tests="0" file="/codebuild/output/src956146630/src/dist/src/test/lambda/wizards/samDeployWizard.test.js" time="0.0000" failures="0">
  </testsuite>
  <testsuite name="TEMPLATE" timestamp="2020-03-31T18:26:43" tests="3" file="/codebuild/output/src956146630/src/dist/src/test/lambda/wizards/samDeployWizard.test.js" time="0.0010" failures="0">
    <testcase name="SamDeployWizard TEMPLATE fails gracefully when no templates are found" time="0.0000" classname="fails gracefully when no templates are found">
    </testcase>
    <testcase name="SamDeployWizard TEMPLATE exits wizard when cancelled" time="0.0000" classname="exits wizard when cancelled">
    </testcase>
    <testcase name="SamDeployWizard TEMPLATE uses user response as template" time="0.0010" classname="uses user response as template">
    </testcase>
  </testsuite>
  <testsuite name="PARAMETER_OVERRIDES" timestamp="2020-03-31T18:26:43" tests="0" file="/codebuild/output/src956146630/src/dist/src/test/lambda/wizards/samDeployWizard.test.js" time="0.0000" failures="0">
  </testsuite>
  <testsuite name="SAM template has no parameters" timestamp="2020-03-31T18:26:43" tests="1" file="/codebuild/output/src956146630/src/dist/src/test/lambda/wizards/samDeployWizard.test.js" time="0.0000" failures="0">
    <testcase name="SamDeployWizard PARAMETER_OVERRIDES SAM template has no parameters skips configuring overrides and continues wizard" time="0.0000" classname="skips configuring overrides and continues wizard">
    </testcase>
  </testsuite>
  <testsuite name="SAM template has only optional parameters" timestamp="2020-03-31T18:26:43" tests="3" file="/codebuild/output/src956146630/src/dist/src/test/lambda/wizards/samDeployWizard.test.js" time="0.0010" failures="0">
    <testcase name="SamDeployWizard PARAMETER_OVERRIDES SAM template has only optional parameters skips configuring overrides and continues wizard if parameterOverrides is defined" time="0.0010" classname="skips configuring overrides and continues wizard if parameterOverrides is defined">
    </testcase>
[...]
    </testcase>
  </testsuite>
  <testsuite name="logs with 2 string template params" timestamp="2020-03-31T18:26:47" tests="3" file="/codebuild/output/src956146630/src/dist/src/test/shared/utilities/vsCodeUtils.test.js" time="0.0000" failures="0">
    <testcase name="getChannelLogger log level warn logs with 2 string template params writes to the logger" time="0.0000" classname="writes to the logger">
    </testcase>
    <testcase name="getChannelLogger log level warn logs with 2 string template params writes to the output channel" time="0.0000" classname="writes to the output channel">
    </testcase>
    <testcase name="getChannelLogger log level warn logs with 2 string template params processTemplate handles this scenario" time="0.0000" classname="processTemplate handles this scenario">
    </testcase>
  </testsuite>
  <testsuite name="logs with 3 string template params" timestamp="2020-03-31T18:26:47" tests="3" file="/codebuild/output/src956146630/src/dist/src/test/shared/utilities/vsCodeUtils.test.js" time="0.0000" failures="0">
    <testcase name="getChannelLogger log level warn logs with 3 string template params writes to the logger" time="0.0000" classname="writes to the logger">
    </testcase>
    <testcase name="getChannelLogger log level warn logs with 3 string template params writes to the output channel" time="0.0000" classname="writes to the output channel">
    </testcase>
    <testcase name="getChannelLogger log level warn logs with 3 string template params processTemplate handles this scenario" time="0.0000" classname="processTemplate handles this scenario">
    </testcase>
  </testsuite>
  <testsuite name="logs with 2 template params: errro, string" timestamp="2020-03-31T18:26:47" tests="3" file="/codebuild/output/src956146630/src/dist/src/test/shared/utilities/vsCodeUtils.test.js" time="0.0000" failures="0">
    <testcase name="getChannelLogger log level warn logs with 2 template params: errro, string writes to the logger" time="0.0000" classname="writes to the logger">
    </testcase>
    <testcase name="getChannelLogger log level warn logs with 2 template params: errro, string writes to the output channel" time="0.0000" classname="writes to the output channel">
    </testcase>
    <testcase name="getChannelLogger log level warn logs with 2 template params: errro, string processTemplate handles this scenario" time="0.0000" classname="processTemplate handles this scenario">
    </testcase>
  </testsuite>
  <testsuite name="logs with 2 template params: error, error" timestamp="2020-03-31T18:26:47" tests="3" file="/codebuild/output/src956146630/src/dist/src/test/shared/utilities/vsCodeUtils.test.js" time="0.0000" failures="0">
    <testcase name="getChannelLogger log level warn logs with 2 template params: error, error writes to the logger" time="0.0000" classname="writes to the logger">
    </testcase>
    <testcase name="getChannelLogger log level warn logs with 2 template params: error, error writes to the output channel" time="0.0000" classname="writes to the output channel">
    </testcase>
    <testcase name="getChannelLogger log level warn logs with 2 template params: error, error processTemplate handles this scenario" time="0.0000" classname="processTemplate handles this scenario">
    </testcase>
  </testsuite>
  <testsuite name="logs with 3 template params: string, error, error" timestamp="2020-03-31T18:26:47" tests="3" file="/codebuild/output/src956146630/src/dist/src/test/shared/utilities/vsCodeUtils.test.js" time="0.0000" failures="0">
    <testcase name="getChannelLogger log level warn logs with 3 template params: string, error, error writes to the logger" time="0.0000" classname="writes to the logger">
    </testcase>
    <testcase name="getChannelLogger log level warn logs with 3 template params: string, error, error writes to the output channel" time="0.0000" classname="writes to the output channel">
    </testcase>
    <testcase name="getChannelLogger log level warn logs with 3 template params: string, error, error processTemplate handles this scenario" time="0.0000" classname="processTemplate handles this scenario">
    </testcase>
  </testsuite>
  <testsuite name="log level error" timestamp="2020-03-31T18:26:47" tests="0" file="/codebuild/output/src956146630/src/dist/src/test/shared/utilities/vsCodeUtils.test.js" time="0.0000" failures="0">
  </testsuite>
  <testsuite name="logs w/o template params" timestamp="2020-03-31T18:26:47" tests="3" file="/codebuild/output/src956146630/src/dist/src/test/shared/utilities/vsCodeUtils.test.js" time="0.0000" failures="0">
    <testcase name="getChannelLogger log level error logs w/o template params writes to the logger" time="0.0000" classname="writes to the logger">
    </testcase>
    <testcase name="getChannelLogger log level error logs w/o template params writes to the output channel" time="0.0000" classname="writes to the output channel">
    </testcase>
    <testcase name="getChannelLogger log level error logs w/o template params processTemplate handles this scenario" time="0.0000" classname="processTemplate handles this scenario">
    </testcase>
  </testsuite>
  <testsuite name="logs with 1 string template param" timestamp="2020-03-31T18:26:47" tests="3" file="/codebuild/output/src956146630/src/dist/src/test/shared/utilities/vsCodeUtils.test.js" time="0.0000" failures="0">
    <testcase name="getChannelLogger log level error logs with 1 string template param writes to the logger" time="0.0000" classname="writes to the logger">
    </testcase>
    <testcase name="getChannelLogger log level error logs with 1 string template param writes to the output channel" time="0.0000" classname="writes to the output channel">
    </testcase>
    <testcase name="getChannelLogger log level error logs with 1 string template param processTemplate handles this scenario" time="0.0000" classname="processTemplate handles this scenario">
    </testcase>
  </testsuite>
  <testsuite name="logs with 2 string template params" timestamp="2020-03-31T18:26:47" tests="3" file="/codebuild/output/src956146630/src/dist/src/test/shared/utilities/vsCodeUtils.test.js" time="0.0000" failures="0">
    <testcase name="getChannelLogger log level error logs with 2 string template params writes to the logger" time="0.0000" classname="writes to the logger">
    </testcase>
    <testcase name="getChannelLogger log level error logs with 2 string template params writes to the output channel" time="0.0000" classname="writes to the output channel">
    </testcase>
    <testcase name="getChannelLogger log level error logs with 2 string template params processTemplate handles this scenario" time="0.0000" classname="processTemplate handles this scenario">
    </testcase>
  </testsuite>
  <testsuite name="logs with 3 string template params" timestamp="2020-03-31T18:26:47" tests="3" file="/codebuild/output/src956146630/src/dist/src/test/shared/utilities/vsCodeUtils.test.js" time="0.0000" failures="0">
    <testcase name="getChannelLogger log level error logs with 3 string template params writes to the logger" time="0.0000" classname="writes to the logger">
    </testcase>
    <testcase name="getChannelLogger log level error logs with 3 string template params writes to the output channel" time="0.0000" classname="writes to the output channel">
    </testcase>
    <testcase name="getChannelLogger log level error logs with 3 string template params processTemplate handles this scenario" time="0.0000" classname="processTemplate handles this scenario">
    </testcase>
  </testsuite>
  <testsuite name="logs with 2 template params: errro, string" timestamp="2020-03-31T18:26:47" tests="3" file="/codebuild/output/src956146630/src/dist/src/test/shared/utilities/vsCodeUtils.test.js" time="0.0000" failures="0">
    <testcase name="getChannelLogger log level error logs with 2 template params: errro, string writes to the logger" time="0.0000" classname="writes to the logger">
    </testcase>
    <testcase name="getChannelLogger log level error logs with 2 template params: errro, string writes to the output channel" time="0.0000" classname="writes to the output channel">
    </testcase>
    <testcase name="getChannelLogger log level error logs with 2 template params: errro, string processTemplate handles this scenario" time="0.0000" classname="processTemplate handles this scenario">
    </testcase>
  </testsuite>
  <testsuite name="logs with 2 template params: error, error" timestamp="2020-03-31T18:26:47" tests="3" file="/codebuild/output/src956146630/src/dist/src/test/shared/utilities/vsCodeUtils.test.js" time="0.0000" failures="0">
    <testcase name="getChannelLogger log level error logs with 2 template params: error, error writes to the logger" time="0.0000" classname="writes to the logger">
    </testcase>
    <testcase name="getChannelLogger log level error logs with 2 template params: error, error writes to the output channel" time="0.0000" classname="writes to the output channel">
    </testcase>
    <testcase name="getChannelLogger log level error logs with 2 template params: error, error processTemplate handles this scenario" time="0.0000" classname="processTemplate handles this scenario">
    </testcase>
  </testsuite>
  <testsuite name="logs with 3 template params: string, error, error" timestamp="2020-03-31T18:26:47" tests="3" file="/codebuild/output/src956146630/src/dist/src/test/shared/utilities/vsCodeUtils.test.js" time="0.0000" failures="0">
    <testcase name="getChannelLogger log level error logs with 3 template params: string, error, error writes to the logger" time="0.0000" classname="writes to the logger">
    </testcase>
    <testcase name="getChannelLogger log level error logs with 3 template params: string, error, error writes to the output channel" time="0.0000" classname="writes to the output channel">
    </testcase>
    <testcase name="getChannelLogger log level error logs with 3 template params: string, error, error processTemplate handles this scenario" time="0.0000" classname="processTemplate handles this scenario">
    </testcase>
  </testsuite>
  <testsuite name="StepFunctionsNode" timestamp="2020-03-31T18:26:47" tests="5" file="/codebuild/output/src956146630/src/dist/src/test/stepFunctions/explorer/stepFunctionNodes.test.js" time="0.0050" failures="0">
    <testcase name="StepFunctionsNode returns placeholder node if no children are present" time="0.0020" classname="returns placeholder node if no children are present">
    </testcase>
    <testcase name="StepFunctionsNode has StateMachineNode child nodes" time="0.0010" classname="has StateMachineNode child nodes">
    </testcase>
    <testcase name="StepFunctionsNode has child nodes with State Machine contextValue" time="0.0000" classname="has child nodes with State Machine contextValue">
    </testcase>
    <testcase name="StepFunctionsNode sorts child nodes" time="0.0010" classname="sorts child nodes">
    </testcase>
    <testcase name="StepFunctionsNode has an error node for a child if an error happens during loading" time="0.0010" classname="has an error node for a child if an error happens during loading">
    </testcase>
  </testsuite>
  <testsuite name="StateMachineGraphCache" timestamp="2020-03-31T18:26:47" tests="0" file="/codebuild/output/src956146630/src/dist/src/test/stepFunctions/utils.test.js" time="0.0000" failures="0">
  </testsuite>
  <testsuite name="updateCachedFile" timestamp="2020-03-31T18:26:47" tests="4" file="/codebuild/output/src956146630/src/dist/src/test/stepFunctions/utils.test.js" time="0.0020" failures="0">
    <testcase name="StateMachineGraphCache updateCachedFile downloads a file when it is not in cache and stores it" time="0.0010" classname="downloads a file when it is not in cache and stores it">
    </testcase>
    <testcase name="StateMachineGraphCache updateCachedFile downloads and stores a file when cached file exists but url has been updated" time="0.0000" classname="downloads and stores a file when cached file exists but url has been updated">
    </testcase>
    <testcase name="StateMachineGraphCache updateCachedFile it does not store data when file exists and url for it is same" time="0.0010" classname="it does not store data when file exists and url for it is same">
    </testcase>
    <testcase name="StateMachineGraphCache updateCachedFile creates assets directory when it does not exist" time="0.0000" classname="creates assets directory when it does not exist">
    </testcase>
  </testsuite>
  <testsuite name="isStepFunctionsRole" timestamp="2020-03-31T18:26:47" tests="3" file="/codebuild/output/src956146630/src/dist/src/test/stepFunctions/utils.test.js" time="0.0010" failures="0">
    <testcase name="isStepFunctionsRole return true if the Step Functions service principal is in the AssumeRolePolicyDocument" time="0.0010" classname="return true if the Step Functions service principal is in the AssumeRolePolicyDocument">
    </testcase>
    <testcase name="isStepFunctionsRole returns false if the role does not have an AssumeRolePolicyDocument" time="0.0000" classname="returns false if the role does not have an AssumeRolePolicyDocument">
    </testcase>
    <testcase name="isStepFunctionsRole returns false if the AssumeRolePolicyDocument does not contain Step Functions&apos; service principal" time="0.0000" classname="returns false if the AssumeRolePolicyDocument does not contain Step Functions&apos; service principal">
    </testcase>
  </testsuite>
  <testsuite name="PublishStateMachineWizard" timestamp="2020-03-31T18:26:47" tests="0" file="/codebuild/output/src956146630/src/dist/src/test/stepFunctions/wizards/publishStateMachineWizard.test.js" time="0.0000" failures="0">
  </testsuite>
  <testsuite name="PUBLISH_ACTION" timestamp="2020-03-31T18:26:47" tests="1" file="/codebuild/output/src956146630/src/dist/src/test/stepFunctions/wizards/publishStateMachineWizard.test.js" time="0.0010" failures="0">
    <testcase name="PublishStateMachineWizard PUBLISH_ACTION exits when cancelled" time="0.0010" classname="exits when cancelled">
    </testcase>
  </testsuite>
  <testsuite name="Quick create" timestamp="2020-03-31T18:26:47" tests="2" file="/codebuild/output/src956146630/src/dist/src/test/stepFunctions/wizards/publishStateMachineWizard.test.js" time="0.0010" failures="0">
    <testcase name="PublishStateMachineWizard Quick create exits gracefully if cancelled" time="0.0010" classname="exits gracefully if cancelled">
    </testcase>
    <testcase name="PublishStateMachineWizard Quick create returns create response when completed" time="0.0000" classname="returns create response when completed">
    </testcase>
  </testsuite>
  <testsuite name="Quick update" timestamp="2020-03-31T18:26:47" tests="2" file="/codebuild/output/src956146630/src/dist/src/test/stepFunctions/wizards/publishStateMachineWizard.test.js" time="0.0000" failures="0">
    <testcase name="PublishStateMachineWizard Quick update exits gracefully if cancelled" time="0.0000" classname="exits gracefully if cancelled">
    </testcase>
    <testcase name="PublishStateMachineWizard Quick update returns update response when completed" time="0.0000" classname="returns update response when completed">
    </testcase>
  </testsuite>
  <testsuite name="SamTemplateGenerator" timestamp="2020-03-31T18:26:47" tests="9" file="/codebuild/output/src956146630/src/dist/src/test/templates/sam/samTemplateGenerator.test.js" time="0.0180" failures="0">
    <testcase name="SamTemplateGenerator Produces a minimal template" time="0.0040" classname="Produces a minimal template">
    </testcase>
    <testcase name="SamTemplateGenerator Produces a template containing MemorySize" time="0.0020" classname="Produces a template containing MemorySize">
    </testcase>
    <testcase name="SamTemplateGenerator Produces a template containing Timeout" time="0.0040" classname="Produces a template containing Timeout">
    </testcase>
    <testcase name="SamTemplateGenerator Produces a template containing Environment" time="0.0030" classname="Produces a template containing Environment">
    </testcase>
    <testcase name="SamTemplateGenerator Produces a template with a Globals section" time="0.0030" classname="Produces a template with a Globals section">
    </testcase>
    <testcase name="SamTemplateGenerator errs if resource name is missing" time="0.0000" classname="errs if resource name is missing">
    </testcase>
    <testcase name="SamTemplateGenerator errs if function handler is missing" time="0.0000" classname="errs if function handler is missing">
    </testcase>
    <testcase name="SamTemplateGenerator errs if code uri is missing" time="0.0010" classname="errs if code uri is missing">
    </testcase>
    <testcase name="SamTemplateGenerator errs if runtime is missing" time="0.0010" classname="errs if runtime is missing">
    </testcase>
  </testsuite>
  <testsuite name="TypescriptLambdaHandlerSearch" timestamp="2020-03-31T18:26:47" tests="5" file="/codebuild/output/src956146630/src/dist/src/test/typescriptLambdaHandlerSearch.test.js" time="0.0150" failures="0">
    <testcase name="TypescriptLambdaHandlerSearch finds export declared functions in Typescript code" time="0.0090" classname="finds export declared functions in Typescript code">
    </testcase>
    <testcase name="TypescriptLambdaHandlerSearch ignores class declarations in Typescript code" time="0.0010" classname="ignores class declarations in Typescript code">
    </testcase>
    <testcase name="TypescriptLambdaHandlerSearch ignores interface declarations in Typescript code" time="0.0010" classname="ignores interface declarations in Typescript code">
    </testcase>
    <testcase name="TypescriptLambdaHandlerSearch finds module.exports declared functions in javascript code" time="0.0030" classname="finds module.exports declared functions in javascript code">
    </testcase>
    <testcase name="TypescriptLambdaHandlerSearch ignores class declarations in javascript code" time="0.0010" classname="ignores class declarations in javascript code">
    </testcase>
  </testsuite>
  <testsuite name="region" timestamp="2020-03-31T18:26:47" tests="2" file="/codebuild/output/src956146630/src/dist/src/test/typescriptLambdaHandlerSearch.test.js" time="0.0010" failures="0">
    <testcase name="region uses user response as region" time="0.0000" classname="uses user response as region">
    </testcase>
    <testcase name="region backtracks when cancelled" time="0.0010" classname="backtracks when cancelled">
    </testcase>
  </testsuite>
  <testsuite name="registry" timestamp="2020-03-31T18:26:47" tests="2" file="/codebuild/output/src956146630/src/dist/src/test/typescriptLambdaHandlerSearch.test.js" time="0.0010" failures="0">
    <testcase name="registry uses user response as registry" time="0.0000" classname="uses user response as registry">
    </testcase>
    <testcase name="registry backtracks when cancelled" time="0.0010" classname="backtracks when cancelled">
    </testcase>
  </testsuite>
  <testsuite name="schema" timestamp="2020-03-31T18:26:47" tests="2" file="/codebuild/output/src956146630/src/dist/src/test/typescriptLambdaHandlerSearch.test.js" time="0.0010" failures="0">
    <testcase name="schema uses user response as schema" time="0.0000" classname="uses user response as schema">
    </testcase>
    <testcase name="schema backtracks when cancelled" time="0.0010" classname="backtracks when cancelled">
    </testcase>
  </testsuite>
  <testsuite name="location" timestamp="2020-03-31T18:26:47" tests="2" file="/codebuild/output/src956146630/src/dist/src/test/typescriptLambdaHandlerSearch.test.js" time="0.0010" failures="0">
    <testcase name="location uses user response as schema" time="0.0000" classname="uses user response as schema">
    </testcase>
    <testcase name="location backtracks when cancelled" time="0.0010" classname="backtracks when cancelled">
    </testcase>
  </testsuite>
</testsuites>